<?xml version="1.0" encoding="UTF-8" standalone="yes"?><!DOCTYPE report PUBLIC "-//JACOCO//DTD Report 1.1//EN" "report.dtd"><report name="Nonsense Generator"><sessioninfo id="MacBookAir.station-61ba1141" start="1748104562875" dump="1748104575616"/><sessioninfo id="MacBookAir.station-9990c167" start="1748104620438" dump="1748104635722"/><sessioninfo id="MacBookAir.station-6a052e4e" start="1748104645316" dump="1748104660902"/><sessioninfo id="MacBook-Air-M1-di-Alberto-3.local-715a3866" start="1748158091891" dump="1748158108606"/><sessioninfo id="MacBook-Air-M1-di-Alberto-3.local-324f63b8" start="1748158120864" dump="1748158133938"/><sessioninfo id="MacBook-Air-M1-di-Alberto-3.local-162d4722" start="1748158255914" dump="1748158272987"/><sessioninfo id="MacBook-Air-M1-di-Alberto-3.local-8a58c2f6" start="1748158291846" dump="1748158307902"/><sessioninfo id="MacBook-Air-M1-di-Alberto-3.local-eb6407b1" start="1748158454616" dump="1748158469388"/></report>